running egg_info
creating build/custom_robot_sim/custom_robot_sim.egg-info
writing build/custom_robot_sim/custom_robot_sim.egg-info/PKG-INFO
writing dependency_links to build/custom_robot_sim/custom_robot_sim.egg-info/dependency_links.txt
writing entry points to build/custom_robot_sim/custom_robot_sim.egg-info/entry_points.txt
writing requirements to build/custom_robot_sim/custom_robot_sim.egg-info/requires.txt
writing top-level names to build/custom_robot_sim/custom_robot_sim.egg-info/top_level.txt
writing manifest file 'build/custom_robot_sim/custom_robot_sim.egg-info/SOURCES.txt'
reading manifest file 'build/custom_robot_sim/custom_robot_sim.egg-info/SOURCES.txt'
writing manifest file 'build/custom_robot_sim/custom_robot_sim.egg-info/SOURCES.txt'
running build
running build_py
creating /home/rocotics/ros2_ws/src/custom_robot_sim/build/custom_robot_sim/build
creating /home/rocotics/ros2_ws/src/custom_robot_sim/build/custom_robot_sim/build/lib
creating /home/rocotics/ros2_ws/src/custom_robot_sim/build/custom_robot_sim/build/lib/custom_robot_sim
copying custom_robot_sim/__init__.py -> /home/rocotics/ros2_ws/src/custom_robot_sim/build/custom_robot_sim/build/lib/custom_robot_sim
running install
running install_lib
creating /home/rocotics/ros2_ws/src/custom_robot_sim/install/custom_robot_sim/lib/python3.8/site-packages/custom_robot_sim
copying /home/rocotics/ros2_ws/src/custom_robot_sim/build/custom_robot_sim/build/lib/custom_robot_sim/__init__.py -> /home/rocotics/ros2_ws/src/custom_robot_sim/install/custom_robot_sim/lib/python3.8/site-packages/custom_robot_sim
byte-compiling /home/rocotics/ros2_ws/src/custom_robot_sim/install/custom_robot_sim/lib/python3.8/site-packages/custom_robot_sim/__init__.py to __init__.cpython-38.pyc
running install_data
creating /home/rocotics/ros2_ws/src/custom_robot_sim/install/custom_robot_sim/share/ament_index
creating /home/rocotics/ros2_ws/src/custom_robot_sim/install/custom_robot_sim/share/ament_index/resource_index
creating /home/rocotics/ros2_ws/src/custom_robot_sim/install/custom_robot_sim/share/ament_index/resource_index/packages
copying resource/custom_robot_sim -> /home/rocotics/ros2_ws/src/custom_robot_sim/install/custom_robot_sim/share/ament_index/resource_index/packages
copying package.xml -> /home/rocotics/ros2_ws/src/custom_robot_sim/install/custom_robot_sim/share/custom_robot_sim
running install_egg_info
Copying build/custom_robot_sim/custom_robot_sim.egg-info to /home/rocotics/ros2_ws/src/custom_robot_sim/install/custom_robot_sim/lib/python3.8/site-packages/custom_robot_sim-0.0.0-py3.8.egg-info
running install_scripts
writing list of installed files to '/home/rocotics/ros2_ws/src/custom_robot_sim/build/custom_robot_sim/install.log'
