[1.260s] Invoking command in '/home/rocotics/ros2_ws/src/custom_robot_sim': PYTHONPATH=/home/rocotics/ros2_ws/src/custom_robot_sim/build/custom_robot_sim/prefix_override:/usr/lib/python3/dist-packages/colcon_core/task/python/colcon_distutils_commands:/home/rocotics/ros2_ws/src/custom_robot_sim/install/custom_robot_sim/lib/python3.8/site-packages:${PYTHONPATH} /usr/bin/python3 -W ignore:setup.py install is deprecated setup.py egg_info --egg-base build/custom_robot_sim build --build-base /home/rocotics/ros2_ws/src/custom_robot_sim/build/custom_robot_sim/build install --record /home/rocotics/ros2_ws/src/custom_robot_sim/build/custom_robot_sim/install.log --install-scripts $base/lib/custom_robot_sim --single-version-externally-managed install_data
[1.605s] running egg_info
[1.606s] creating build/custom_robot_sim/custom_robot_sim.egg-info
[1.606s] writing build/custom_robot_sim/custom_robot_sim.egg-info/PKG-INFO
[1.607s] writing dependency_links to build/custom_robot_sim/custom_robot_sim.egg-info/dependency_links.txt
[1.607s] writing entry points to build/custom_robot_sim/custom_robot_sim.egg-info/entry_points.txt
[1.608s] writing requirements to build/custom_robot_sim/custom_robot_sim.egg-info/requires.txt
[1.608s] writing top-level names to build/custom_robot_sim/custom_robot_sim.egg-info/top_level.txt
[1.616s] writing manifest file 'build/custom_robot_sim/custom_robot_sim.egg-info/SOURCES.txt'
[1.665s] reading manifest file 'build/custom_robot_sim/custom_robot_sim.egg-info/SOURCES.txt'
[1.667s] writing manifest file 'build/custom_robot_sim/custom_robot_sim.egg-info/SOURCES.txt'
[1.667s] running build
[1.668s] running build_py
[1.668s] creating /home/rocotics/ros2_ws/src/custom_robot_sim/build/custom_robot_sim/build
[1.668s] creating /home/rocotics/ros2_ws/src/custom_robot_sim/build/custom_robot_sim/build/lib
[1.669s] creating /home/rocotics/ros2_ws/src/custom_robot_sim/build/custom_robot_sim/build/lib/custom_robot_sim
[1.669s] copying custom_robot_sim/__init__.py -> /home/rocotics/ros2_ws/src/custom_robot_sim/build/custom_robot_sim/build/lib/custom_robot_sim
[1.669s] running install
[1.670s] running install_lib
[1.672s] creating /home/rocotics/ros2_ws/src/custom_robot_sim/install/custom_robot_sim/lib/python3.8/site-packages/custom_robot_sim
[1.672s] copying /home/rocotics/ros2_ws/src/custom_robot_sim/build/custom_robot_sim/build/lib/custom_robot_sim/__init__.py -> /home/rocotics/ros2_ws/src/custom_robot_sim/install/custom_robot_sim/lib/python3.8/site-packages/custom_robot_sim
[1.673s] byte-compiling /home/rocotics/ros2_ws/src/custom_robot_sim/install/custom_robot_sim/lib/python3.8/site-packages/custom_robot_sim/__init__.py to __init__.cpython-38.pyc
[1.676s] running install_data
[1.677s] creating /home/rocotics/ros2_ws/src/custom_robot_sim/install/custom_robot_sim/share/ament_index
[1.677s] creating /home/rocotics/ros2_ws/src/custom_robot_sim/install/custom_robot_sim/share/ament_index/resource_index
[1.677s] creating /home/rocotics/ros2_ws/src/custom_robot_sim/install/custom_robot_sim/share/ament_index/resource_index/packages
[1.678s] copying resource/custom_robot_sim -> /home/rocotics/ros2_ws/src/custom_robot_sim/install/custom_robot_sim/share/ament_index/resource_index/packages
[1.678s] copying package.xml -> /home/rocotics/ros2_ws/src/custom_robot_sim/install/custom_robot_sim/share/custom_robot_sim
[1.678s] running install_egg_info
[1.680s] Copying build/custom_robot_sim/custom_robot_sim.egg-info to /home/rocotics/ros2_ws/src/custom_robot_sim/install/custom_robot_sim/lib/python3.8/site-packages/custom_robot_sim-0.0.0-py3.8.egg-info
[1.681s] running install_scripts
[1.709s] writing list of installed files to '/home/rocotics/ros2_ws/src/custom_robot_sim/build/custom_robot_sim/install.log'
[1.752s] Invoked command in '/home/rocotics/ros2_ws/src/custom_robot_sim' returned '0': PYTHONPATH=/home/rocotics/ros2_ws/src/custom_robot_sim/build/custom_robot_sim/prefix_override:/usr/lib/python3/dist-packages/colcon_core/task/python/colcon_distutils_commands:/home/rocotics/ros2_ws/src/custom_robot_sim/install/custom_robot_sim/lib/python3.8/site-packages:${PYTHONPATH} /usr/bin/python3 -W ignore:setup.py install is deprecated setup.py egg_info --egg-base build/custom_robot_sim build --build-base /home/rocotics/ros2_ws/src/custom_robot_sim/build/custom_robot_sim/build install --record /home/rocotics/ros2_ws/src/custom_robot_sim/build/custom_robot_sim/install.log --install-scripts $base/lib/custom_robot_sim --single-version-externally-managed install_data
