[0.342s] DEBUG:colcon:Command line arguments: ['/usr/bin/colcon', 'build']
[0.342s] DEBUG:colcon:Parsed command line arguments: Namespace(allow_overriding=[], ament_cmake_args=None, base_paths=['.'], build_base='build', catkin_cmake_args=None, catkin_skip_building_tests=False, cmake_args=None, cmake_clean_cache=False, cmake_clean_first=False, cmake_force_configure=False, cmake_target=None, cmake_target_skip_unavailable=False, continue_on_error=False, event_handlers=None, executor='parallel', ignore_user_meta=False, install_base='install', log_base=None, log_level=None, main=<bound method BuildVerb.main of <colcon_core.verb.build.BuildVerb object at 0x7ff2fb071400>>, merge_install=False, metas=['./colcon.meta'], mixin=None, mixin_files=None, mixin_verb=('build',), packages_above=None, packages_above_and_dependencies=None, packages_above_depth=None, packages_end=None, packages_ignore=None, packages_ignore_regex=None, packages_select=None, packages_select_build_failed=False, packages_select_by_dep=None, packages_select_regex=None, packages_select_test_failures=False, packages_skip=None, packages_skip_build_finished=False, packages_skip_by_dep=None, packages_skip_regex=None, packages_skip_test_passed=False, packages_skip_up_to=None, packages_start=None, packages_up_to=None, packages_up_to_regex=None, parallel_workers=16, paths=None, symlink_install=False, test_result_base=None, verb_extension=<colcon_core.verb.build.BuildVerb object at 0x7ff2fb071400>, verb_name='build', verb_parser=<colcon_mixin.mixin.mixin_argument.MixinArgumentDecorator object at 0x7ff2fafe6640>)
[0.603s] Level 1:colcon.colcon_core.package_discovery:discover_packages(colcon_meta) check parameters
[0.604s] Level 1:colcon.colcon_core.package_discovery:discover_packages(recursive) check parameters
[0.604s] Level 1:colcon.colcon_core.package_discovery:discover_packages(ignore) check parameters
[0.604s] Level 1:colcon.colcon_core.package_discovery:discover_packages(path) check parameters
[0.604s] Level 1:colcon.colcon_core.package_discovery:discover_packages(colcon_meta) discover
[0.604s] Level 1:colcon.colcon_core.package_discovery:discover_packages(recursive) discover
[0.604s] INFO:colcon.colcon_core.package_discovery:Crawling recursively for packages in '/home/rocotics/ros2_ws/src/custom_robot_sim'
[0.605s] Level 1:colcon.colcon_core.package_identification:_identify(.) by extensions ['ignore', 'ignore_ament_install']
[0.605s] Level 1:colcon.colcon_core.package_identification:_identify(.) by extension 'ignore'
[0.605s] Level 1:colcon.colcon_core.package_identification:_identify(.) by extension 'ignore_ament_install'
[0.605s] Level 1:colcon.colcon_core.package_identification:_identify(.) by extensions ['colcon_pkg']
[0.605s] Level 1:colcon.colcon_core.package_identification:_identify(.) by extension 'colcon_pkg'
[0.605s] Level 1:colcon.colcon_core.package_identification:_identify(.) by extensions ['colcon_meta']
[0.605s] Level 1:colcon.colcon_core.package_identification:_identify(.) by extension 'colcon_meta'
[0.605s] Level 1:colcon.colcon_core.package_identification:_identify(.) by extensions ['ros']
[0.605s] Level 1:colcon.colcon_core.package_identification:_identify(.) by extension 'ros'
[0.629s] DEBUG:colcon.colcon_core.package_identification:Package '.' with type 'ros.ament_python' and name 'custom_robot_sim'
[0.629s] Level 1:colcon.colcon_core.package_discovery:discover_packages(recursive) using defaults
[0.629s] Level 1:colcon.colcon_core.package_discovery:discover_packages(ignore) discover
[0.629s] Level 1:colcon.colcon_core.package_discovery:discover_packages(ignore) using defaults
[0.629s] Level 1:colcon.colcon_core.package_discovery:discover_packages(path) discover
[0.629s] Level 1:colcon.colcon_core.package_discovery:discover_packages(path) using defaults
[0.659s] Level 1:colcon.colcon_core.package_discovery:discover_packages(prefix_path) check parameters
[0.659s] Level 1:colcon.colcon_core.package_discovery:discover_packages(prefix_path) discover
[0.662s] DEBUG:colcon.colcon_installed_package_information.package_discovery:Found 12 installed packages in /home/rocotics/ros2_ws/install
[0.665s] DEBUG:colcon.colcon_installed_package_information.package_discovery:Found 391 installed packages in /opt/ros/foxy
[0.668s] Level 1:colcon.colcon_core.package_discovery:discover_packages(prefix_path) using defaults
[0.809s] Level 5:colcon.colcon_core.verb:set package 'custom_robot_sim' build argument 'cmake_args' from command line to 'None'
[0.809s] Level 5:colcon.colcon_core.verb:set package 'custom_robot_sim' build argument 'cmake_target' from command line to 'None'
[0.810s] Level 5:colcon.colcon_core.verb:set package 'custom_robot_sim' build argument 'cmake_target_skip_unavailable' from command line to 'False'
[0.810s] Level 5:colcon.colcon_core.verb:set package 'custom_robot_sim' build argument 'cmake_clean_cache' from command line to 'False'
[0.810s] Level 5:colcon.colcon_core.verb:set package 'custom_robot_sim' build argument 'cmake_clean_first' from command line to 'False'
[0.810s] Level 5:colcon.colcon_core.verb:set package 'custom_robot_sim' build argument 'cmake_force_configure' from command line to 'False'
[0.810s] Level 5:colcon.colcon_core.verb:set package 'custom_robot_sim' build argument 'ament_cmake_args' from command line to 'None'
[0.810s] Level 5:colcon.colcon_core.verb:set package 'custom_robot_sim' build argument 'catkin_cmake_args' from command line to 'None'
[0.810s] Level 5:colcon.colcon_core.verb:set package 'custom_robot_sim' build argument 'catkin_skip_building_tests' from command line to 'False'
[0.810s] DEBUG:colcon.colcon_core.verb:Building package 'custom_robot_sim' with the following arguments: {'ament_cmake_args': None, 'build_base': '/home/rocotics/ros2_ws/src/custom_robot_sim/build/custom_robot_sim', 'catkin_cmake_args': None, 'catkin_skip_building_tests': False, 'cmake_args': None, 'cmake_clean_cache': False, 'cmake_clean_first': False, 'cmake_force_configure': False, 'cmake_target': None, 'cmake_target_skip_unavailable': False, 'install_base': '/home/rocotics/ros2_ws/src/custom_robot_sim/install/custom_robot_sim', 'merge_install': False, 'path': '/home/rocotics/ros2_ws/src/custom_robot_sim', 'symlink_install': False, 'test_result_base': None}
[0.810s] INFO:colcon.colcon_core.executor:Executing jobs using 'parallel' executor
[0.813s] DEBUG:colcon.colcon_parallel_executor.executor.parallel:run_until_complete
[0.813s] INFO:colcon.colcon_ros.task.ament_python.build:Building ROS package in '/home/rocotics/ros2_ws/src/custom_robot_sim' with build type 'ament_python'
[0.814s] Level 1:colcon.colcon_core.shell:create_environment_hook('custom_robot_sim', 'ament_prefix_path')
[0.818s] INFO:colcon.colcon_core.plugin_system:Skipping extension 'colcon_core.shell.bat': Not used on non-Windows systems
[0.819s] INFO:colcon.colcon_core.shell:Creating environment hook '/home/rocotics/ros2_ws/src/custom_robot_sim/install/custom_robot_sim/share/custom_robot_sim/hook/ament_prefix_path.ps1'
[0.820s] INFO:colcon.colcon_core.shell:Creating environment descriptor '/home/rocotics/ros2_ws/src/custom_robot_sim/install/custom_robot_sim/share/custom_robot_sim/hook/ament_prefix_path.dsv'
[0.821s] INFO:colcon.colcon_core.shell:Creating environment hook '/home/rocotics/ros2_ws/src/custom_robot_sim/install/custom_robot_sim/share/custom_robot_sim/hook/ament_prefix_path.sh'
[0.822s] INFO:colcon.colcon_core.shell:Skip shell extension 'powershell' for command environment: Not usable outside of PowerShell
[0.822s] DEBUG:colcon.colcon_core.shell:Skip shell extension 'dsv' for command environment
[1.197s] INFO:colcon.colcon_core.task.python.build:Building Python package in '/home/rocotics/ros2_ws/src/custom_robot_sim'
[1.199s] INFO:colcon.colcon_core.shell:Skip shell extension 'powershell' for command environment: Not usable outside of PowerShell
[1.199s] DEBUG:colcon.colcon_core.shell:Skip shell extension 'dsv' for command environment
[1.949s] DEBUG:colcon.colcon_core.event_handler.log_command:Invoking command in '/home/rocotics/ros2_ws/src/custom_robot_sim': PYTHONPATH=/home/rocotics/ros2_ws/src/custom_robot_sim/build/custom_robot_sim/prefix_override:/usr/lib/python3/dist-packages/colcon_core/task/python/colcon_distutils_commands:/home/rocotics/ros2_ws/src/custom_robot_sim/install/custom_robot_sim/lib/python3.8/site-packages:${PYTHONPATH} /usr/bin/python3 -W ignore:setup.py install is deprecated setup.py egg_info --egg-base build/custom_robot_sim build --build-base /home/rocotics/ros2_ws/src/custom_robot_sim/build/custom_robot_sim/build install --record /home/rocotics/ros2_ws/src/custom_robot_sim/build/custom_robot_sim/install.log --install-scripts $base/lib/custom_robot_sim --single-version-externally-managed install_data
[2.461s] DEBUG:colcon.colcon_core.event_handler.log_command:Invoked command in '/home/rocotics/ros2_ws/src/custom_robot_sim' returned '0': PYTHONPATH=/home/rocotics/ros2_ws/src/custom_robot_sim/build/custom_robot_sim/prefix_override:/usr/lib/python3/dist-packages/colcon_core/task/python/colcon_distutils_commands:/home/rocotics/ros2_ws/src/custom_robot_sim/install/custom_robot_sim/lib/python3.8/site-packages:${PYTHONPATH} /usr/bin/python3 -W ignore:setup.py install is deprecated setup.py egg_info --egg-base build/custom_robot_sim build --build-base /home/rocotics/ros2_ws/src/custom_robot_sim/build/custom_robot_sim/build install --record /home/rocotics/ros2_ws/src/custom_robot_sim/build/custom_robot_sim/install.log --install-scripts $base/lib/custom_robot_sim --single-version-externally-managed install_data
[2.466s] Level 1:colcon.colcon_core.environment:checking '/home/rocotics/ros2_ws/src/custom_robot_sim/install/custom_robot_sim' for CMake module files
[2.467s] Level 1:colcon.colcon_core.environment:checking '/home/rocotics/ros2_ws/src/custom_robot_sim/install/custom_robot_sim' for CMake config files
[2.469s] Level 1:colcon.colcon_core.environment:checking '/home/rocotics/ros2_ws/src/custom_robot_sim/install/custom_robot_sim/lib'
[2.469s] Level 1:colcon.colcon_core.environment:checking '/home/rocotics/ros2_ws/src/custom_robot_sim/install/custom_robot_sim/bin'
[2.469s] Level 1:colcon.colcon_core.environment:checking '/home/rocotics/ros2_ws/src/custom_robot_sim/install/custom_robot_sim/lib/pkgconfig/custom_robot_sim.pc'
[2.470s] Level 1:colcon.colcon_core.environment:checking '/home/rocotics/ros2_ws/src/custom_robot_sim/install/custom_robot_sim/lib/python3.8/site-packages'
[2.470s] Level 1:colcon.colcon_core.shell:create_environment_hook('custom_robot_sim', 'pythonpath')
[2.470s] INFO:colcon.colcon_core.shell:Creating environment hook '/home/rocotics/ros2_ws/src/custom_robot_sim/install/custom_robot_sim/share/custom_robot_sim/hook/pythonpath.ps1'
[2.471s] INFO:colcon.colcon_core.shell:Creating environment descriptor '/home/rocotics/ros2_ws/src/custom_robot_sim/install/custom_robot_sim/share/custom_robot_sim/hook/pythonpath.dsv'
[2.472s] INFO:colcon.colcon_core.shell:Creating environment hook '/home/rocotics/ros2_ws/src/custom_robot_sim/install/custom_robot_sim/share/custom_robot_sim/hook/pythonpath.sh'
[2.473s] Level 1:colcon.colcon_core.environment:checking '/home/rocotics/ros2_ws/src/custom_robot_sim/install/custom_robot_sim/bin'
[2.473s] Level 1:colcon.colcon_core.environment:create_environment_scripts_only(custom_robot_sim)
[2.474s] INFO:colcon.colcon_core.shell:Creating package script '/home/rocotics/ros2_ws/src/custom_robot_sim/install/custom_robot_sim/share/custom_robot_sim/package.ps1'
[2.475s] INFO:colcon.colcon_core.shell:Creating package descriptor '/home/rocotics/ros2_ws/src/custom_robot_sim/install/custom_robot_sim/share/custom_robot_sim/package.dsv'
[2.476s] INFO:colcon.colcon_core.shell:Creating package script '/home/rocotics/ros2_ws/src/custom_robot_sim/install/custom_robot_sim/share/custom_robot_sim/package.sh'
[2.477s] INFO:colcon.colcon_core.shell:Creating package script '/home/rocotics/ros2_ws/src/custom_robot_sim/install/custom_robot_sim/share/custom_robot_sim/package.bash'
[2.478s] INFO:colcon.colcon_core.shell:Creating package script '/home/rocotics/ros2_ws/src/custom_robot_sim/install/custom_robot_sim/share/custom_robot_sim/package.zsh'
[2.480s] Level 1:colcon.colcon_core.environment:create_file_with_runtime_dependencies(/home/rocotics/ros2_ws/src/custom_robot_sim/install/custom_robot_sim/share/colcon-core/packages/custom_robot_sim)
[2.481s] DEBUG:colcon.colcon_parallel_executor.executor.parallel:closing loop
[2.483s] DEBUG:colcon.colcon_parallel_executor.executor.parallel:loop closed
[2.483s] DEBUG:colcon.colcon_parallel_executor.executor.parallel:run_until_complete finished with '0'
[2.483s] DEBUG:colcon.colcon_core.event_reactor:joining thread
[2.494s] INFO:colcon.colcon_core.plugin_system:Skipping extension 'colcon_notification.desktop_notification.terminal_notifier': Not used on non-Darwin systems
[2.494s] INFO:colcon.colcon_core.plugin_system:Skipping extension 'colcon_notification.desktop_notification.win32': Not used on non-Windows systems
[2.495s] INFO:colcon.colcon_notification.desktop_notification:Sending desktop notification using 'notify2'
[2.524s] DEBUG:colcon.colcon_core.event_reactor:joined thread
[2.525s] INFO:colcon.colcon_core.shell:Creating prefix script '/home/rocotics/ros2_ws/src/custom_robot_sim/install/local_setup.ps1'
[2.526s] INFO:colcon.colcon_core.shell:Creating prefix util module '/home/rocotics/ros2_ws/src/custom_robot_sim/install/_local_setup_util_ps1.py'
[2.528s] INFO:colcon.colcon_core.shell:Creating prefix chain script '/home/rocotics/ros2_ws/src/custom_robot_sim/install/setup.ps1'
[2.531s] INFO:colcon.colcon_core.shell:Creating prefix script '/home/rocotics/ros2_ws/src/custom_robot_sim/install/local_setup.sh'
[2.532s] INFO:colcon.colcon_core.shell:Creating prefix util module '/home/rocotics/ros2_ws/src/custom_robot_sim/install/_local_setup_util_sh.py'
[2.533s] INFO:colcon.colcon_core.shell:Creating prefix chain script '/home/rocotics/ros2_ws/src/custom_robot_sim/install/setup.sh'
[2.536s] INFO:colcon.colcon_core.shell:Creating prefix script '/home/rocotics/ros2_ws/src/custom_robot_sim/install/local_setup.bash'
[2.537s] INFO:colcon.colcon_core.shell:Creating prefix chain script '/home/rocotics/ros2_ws/src/custom_robot_sim/install/setup.bash'
[2.540s] INFO:colcon.colcon_core.shell:Creating prefix script '/home/rocotics/ros2_ws/src/custom_robot_sim/install/local_setup.zsh'
[2.541s] INFO:colcon.colcon_core.shell:Creating prefix chain script '/home/rocotics/ros2_ws/src/custom_robot_sim/install/setup.zsh'
