[1.132s] Invoking command in '/home/rocotics/ros2_ws/src/custom_robot_sim': PYTHONPATH=/home/rocotics/ros2_ws/src/custom_robot_sim/build/custom_robot_sim/prefix_override:/usr/lib/python3/dist-packages/colcon_core/task/python/colcon_distutils_commands:/home/rocotics/ros2_ws/src/custom_robot_sim/install/custom_robot_sim/lib/python3.8/site-packages:${PYTHONPATH} /usr/bin/python3 -W ignore:setup.py install is deprecated setup.py egg_info --egg-base build/custom_robot_sim build --build-base /home/rocotics/ros2_ws/src/custom_robot_sim/build/custom_robot_sim/build install --record /home/rocotics/ros2_ws/src/custom_robot_sim/build/custom_robot_sim/install.log --install-scripts $base/lib/custom_robot_sim --single-version-externally-managed install_data
[1.507s] running egg_info
[1.508s] writing build/custom_robot_sim/custom_robot_sim.egg-info/PKG-INFO
[1.509s] writing dependency_links to build/custom_robot_sim/custom_robot_sim.egg-info/dependency_links.txt
[1.511s] writing entry points to build/custom_robot_sim/custom_robot_sim.egg-info/entry_points.txt
[1.512s] writing requirements to build/custom_robot_sim/custom_robot_sim.egg-info/requires.txt
[1.512s] writing top-level names to build/custom_robot_sim/custom_robot_sim.egg-info/top_level.txt
[1.569s] reading manifest file 'build/custom_robot_sim/custom_robot_sim.egg-info/SOURCES.txt'
[1.570s] writing manifest file 'build/custom_robot_sim/custom_robot_sim.egg-info/SOURCES.txt'
[1.571s] running build
[1.571s] running build_py
[1.571s] running install
[1.572s] running install_lib
[1.575s] running install_data
[1.576s] running install_egg_info
[1.579s] removing '/home/rocotics/ros2_ws/src/custom_robot_sim/install/custom_robot_sim/lib/python3.8/site-packages/custom_robot_sim-0.0.0-py3.8.egg-info' (and everything under it)
[1.579s] Copying build/custom_robot_sim/custom_robot_sim.egg-info to /home/rocotics/ros2_ws/src/custom_robot_sim/install/custom_robot_sim/lib/python3.8/site-packages/custom_robot_sim-0.0.0-py3.8.egg-info
[1.581s] running install_scripts
[1.611s] writing list of installed files to '/home/rocotics/ros2_ws/src/custom_robot_sim/build/custom_robot_sim/install.log'
[1.646s] Invoked command in '/home/rocotics/ros2_ws/src/custom_robot_sim' returned '0': PYTHONPATH=/home/rocotics/ros2_ws/src/custom_robot_sim/build/custom_robot_sim/prefix_override:/usr/lib/python3/dist-packages/colcon_core/task/python/colcon_distutils_commands:/home/rocotics/ros2_ws/src/custom_robot_sim/install/custom_robot_sim/lib/python3.8/site-packages:${PYTHONPATH} /usr/bin/python3 -W ignore:setup.py install is deprecated setup.py egg_info --egg-base build/custom_robot_sim build --build-base /home/rocotics/ros2_ws/src/custom_robot_sim/build/custom_robot_sim/build install --record /home/rocotics/ros2_ws/src/custom_robot_sim/build/custom_robot_sim/install.log --install-scripts $base/lib/custom_robot_sim --single-version-externally-managed install_data
